Arguments: 
  /usr/bin/node /usr/share/yarn/bin/yarn.js add --dev file system

PATH: 
  /home/sushkazzlo/.cargo/bin:/usr/local/sbin:/usr/local/bin:/usr/sbin:/usr/bin:/sbin:/bin:/usr/games:/usr/local/games:/snap/bin:/home/sushkazzlo/Android/Sdk/tools:/home/sushkazzlo/Android/Sdk/platform-tools

Yarn version: 
  1.0.1

Node version: 
  8.9.4

Platform: 
  linux x64

npm manifest: 
  {
    "name": "WebApp",
    "version": "1.0.1",
    "description": "",
    "main": "./src/index.js",
    "repository": {
      "type": "git",
      "url": "git+https://github.com/caesai/WebApp.git"
    },
    "scripts": {
      "test": "echo \"Error: no test specified\" && exit 1",
      "build": "webpack --progress --config webpack/webpack.config.js",
      "buildProd": "webpack --progress --config webpack/webpack.prod.config.js",
      "server": "babel-node server.js"
    },
    "author": "Vasily Kharlamov",
    "license": "MIT",
    "dependencies": {
      "base-64": "^0.1.0",
      "bundle-loader": "^0.5.5",
      "express": "^4.16.2",
      "fs": "0.0.1-security",
      "history": "^4.7.2",
      "node-localstorage": "^1.3.0",
      "react": "^16.2.0",
      "react-dom": "^16.2.0",
      "react-loadable": "^5.3.1",
      "react-redux": "^5.0.6",
      "react-router": "^4.2.0",
      "react-router-config": "^1.0.0-beta.4",
      "react-router-dom": "^4.2.2",
      "react-router-redux": "^5.0.0-alpha.9",
      "redux": "^3.7.2",
      "redux-thunk": "^2.2.0",
      "wasm-loader": "^1.3.0"
    },
    "devDependencies": {
      "autodll-webpack-plugin": "^0.3.8",
      "babel-cli": "^6.26.0",
      "babel-core": "^6.26.0",
      "babel-eslint": "^8.0.2",
      "babel-loader": "^7.1.2",
      "babel-plugin-dynamic-import-node": "^1.2.0",
      "babel-plugin-dynamic-import-webpack": "^1.0.2",
      "babel-plugin-import-inspector": "^2.0.0",
      "babel-plugin-module-resolver": "^3.0.0",
      "babel-plugin-syntax-dynamic-import": "^6.18.0",
      "babel-plugin-universal-import": "^1.4.0",
      "babel-polyfill": "^6.26.0",
      "babel-preset-env": "^1.6.1",
      "babel-preset-es2015": "^6.24.1",
      "babel-preset-react": "^6.24.1",
      "babel-preset-stage-2": "^6.24.1",
      "css-loader": "^0.28.7",
      "eslint": "^4.12.1",
      "eslint-plugin-react": "^7.5.1",
      "extract-css-chunks-webpack-plugin": "^2.0.18",
      "extract-text-webpack-plugin": "^3.0.2",
      "file-loader": "^1.1.5",
      "html-webpack-harddisk-plugin": "^0.1.0",
      "html-webpack-plugin": "^2.30.1",
      "node-sass": "^4.7.2",
      "sass-loader": "^6.0.6",
      "style-loader": "^0.19.0",
      "uglifyjs-webpack-plugin": "^1.1.8",
      "url-loader": "^0.6.2",
      "webpack": "^4.1.0",
      "webpack-cli": "^2.0.10",
      "webpack-dev-middleware": "^2.0.4",
      "webpack-hot-middleware": "^2.21.0",
      "webpack-hot-server-middleware": "^0.3.2"
    }
  }

yarn manifest: 
  No manifest

Lockfile: 
  No lockfile

Trace: 
  SyntaxError: /home/sushkazzlo/.cache/yarn/v1/npm-mime-types-2.1.18-6f323f60a83d11146f831ff11fd66e2fe5503bb8/.yarn-metadata.json: Unexpected end of JSON input
      at JSON.parse (<anonymous>)
      at /usr/share/yarn/lib/cli.js:797:57
      at Generator.next (<anonymous>)
      at step (/usr/share/yarn/lib/cli.js:92:30)
      at /usr/share/yarn/lib/cli.js:103:13
      at <anonymous>
